Candidates          : 206 total, 206 measured
Practical voltage cap: 5.0 V (Na-ion electrolyte limit)
Coverage            : 40/206 = 19%
Global best voltage : 4.9972 V  (CoH8(SO6)2, mp-23689_Na)
Global best ΔV      : 0.000045  (Ca9Co(PO4)7, mp-562419_Na)
HV reference        : neg_volt=-1.4174, mdv=0.4980
Methods             : ['RE', 'PHYSBO', 'BLOX']
Seeds per method    : 5
Cycles              : 40

── Benchmarking RE ──
Start selection of proposals by RE!
Proposals
###
number = 1
actions =  98
proposal =  [ 1.55    1.4     7.      3.44    0.     19.      3.     12.297   3.0316
  2.19    0.      3.    ]
###
Finish selection of proposals!
Start selection of proposals by RE!
Proposals
###
number = 1
actions =  34
proposal =  [ 1.66    1.4     6.      3.44    0.      4.      2.     15.0722  2.2803
  2.19    0.      4.    ]
###
Finish selection of proposals!
Start selection of proposals by RE!
Proposals
###
number = 1
actions =  14
proposal =  [ 1.88    1.35    3.      3.44    0.     15.      2.     27.1541  1.6348
  0.      4.      3.2495]
###
Finish selection of proposals!
Start selection of proposals by RE!
Proposals
###
number = 1
actions =  62
proposal =  [ 1.83    1.4     3.      3.44    0.     70.      3.     15.2104  2.3289
  2.18    0.      3.2495]
###
Finish selection of proposals!
Start selection of proposals by RE!
Proposals
###
number = 1
actions =  63
proposal =  [ 1.83    1.4     3.      3.44    0.     70.      3.     14.8673  2.1745
  2.58    0.      2.    ]
###
Finish selection of proposals!
Start selection of proposals by RE!
Proposals
###
number = 1
actions =  164
proposal =  [ 1.54    1.4     4.      3.44    0.      8.      2.     14.0082  3.0838
  0.      0.      3.5   ]
###
Finish selection of proposals!
Start selection of proposals by RE!
Proposals
###
number = 1
actions =  151
proposal =  [ 1.91    1.35    2.      3.44    0.     14.      2.     12.6564  1.6238
  2.58    0.      2.    ]
###
Finish selection of proposals!
Start selection of proposals by RE!
Proposals
###
number = 1
actions =  86
proposal =  [ 1.55    1.4     7.      3.44    3.      1.      1.     11.5319  2.7588
  2.19    0.      3.5   ]
###
Finish selection of proposals!
Start selection of proposals by RE!
Proposals
###
number = 1
actions =  60
proposal =  [ 1.83    1.4     3.      3.44    0.     15.      2.     12.0402  3.1876
  1.9     4.      3.    ]
###
Finish selection of proposals!
Start selection of proposals by RE!
Proposals
###
number = 1
actions =  125
proposal =  [ 2.16    1.45    6.      3.44    0.     19.      3.     15.0568  2.8662
  2.19    0.      6.    ]
###
Finish selection of proposals!
Start selection of proposals by RE!
Proposals
###
number = 1
actions =  155
proposal =  [ 1.91    1.35    2.      3.44    0.     63.      3.     10.2781  4.1377
  2.19    0.      3.    ]
###
Finish selection of proposals!
Start selection of proposals by RE!
Proposals
###
number = 1
actions =  122
proposal =  [ 1.55    1.4     7.      3.44    0.     15.      2.     12.1253  3.4217
  2.19    4.      3.    ]
###
Finish selection of proposals!
Start selection of proposals by RE!
Proposals
###
number = 1
actions =  130
proposal =  [ 2.16    1.45    6.      3.44    0.     14.      2.     14.3446  3.1692
  2.19    0.      5.5   ]
###
Finish selection of proposals!
Start selection of proposals by RE!
Proposals
###
number = 1
actions =  71
proposal =  [ 1.83    1.4     3.      3.44    0.     11.      2.     15.9444  2.1832
  2.04    0.      3.    ]
###
Finish selection of proposals!
Start selection of proposals by RE!
Proposals
###
number = 1
actions =  28
proposal =  [  1.66     1.4      6.       3.44     0.     114.       4.      13.5843
   2.713    2.19     0.       3.2495]
###
Finish selection of proposals!
Start selection of proposals by RE!
Proposals
###
number = 1
actions =  56
proposal =  [ 1.9     1.35    2.      3.44    0.     14.      2.     11.9298  3.6774
  2.19    0.      3.    ]
###
Finish selection of proposals!
Start selection of proposals by RE!
Proposals
###
number = 1
actions =  102
proposal =  [ 1.55    1.4     7.      3.44    0.     70.      3.     15.4596  2.2829
  2.18    0.      3.    ]
###
Finish selection of proposals!
Start selection of proposals by RE!
Proposals
###
number = 1
actions =  147
proposal =  [ 1.91    1.35    2.      3.44    0.     12.      2.     10.0712  5.8377
  0.      4.      2.5   ]
###
Finish selection of proposals!
Start selection of proposals by RE!
Proposals
###
number = 1
actions =  49
proposal =  [ 1.9     1.35    2.      3.44    0.     11.      2.     16.1923  2.6917
  2.18    0.      3.    ]
###
Finish selection of proposals!
Start selection of proposals by RE!
Proposals
###
number = 1
actions =  192
proposal =  [ 1.63    1.35    5.      3.44    0.     11.      2.     13.0311  3.3315
  0.      0.      4.5   ]
###
Finish selection of proposals!
Start selection of proposals by RE!
Proposals
###
number = 1
actions =  205
proposal =  [ 1.63    1.35    5.      3.44    0.      4.      2.     15.7207  2.1446
  1.9     0.      3.    ]
###
Finish selection of proposals!
Start selection of proposals by RE!
Proposals
###
number = 1
actions =  45
proposal =  [  1.9      1.35     2.       3.44     0.     225.       7.      13.1011
   4.6107   0.       0.       3.2495]
###
Finish selection of proposals!
Start selection of proposals by RE!
Proposals
###
number = 1
actions =  38
proposal =  [  1.55     1.4      7.       3.98     0.     225.       7.      21.278
   3.7697   0.       0.       3.    ]
###
Finish selection of proposals!
Start selection of proposals by RE!
Proposals
###
number = 1
actions =  85
proposal =  [ 1.83    1.4     3.      3.44    3.      1.      1.     12.0501  2.651
  2.19    0.      3.5   ]
###
Finish selection of proposals!
Start selection of proposals by RE!
Proposals
###
number = 1
actions =  113
proposal =  [ 1.55    1.4     7.      3.44    0.     11.      2.     16.5903  2.529
  2.04    0.      3.    ]
###
Finish selection of proposals!
Start selection of proposals by RE!
Proposals
###
number = 1
actions =  111
proposal =  [ 1.55    1.4     7.      3.44    0.      4.      2.     16.1227  2.6147
  2.18    0.      4.    ]
###
Finish selection of proposals!
Start selection of proposals by RE!
Proposals
###
number = 1
actions =  58
proposal =  [ 1.83    1.4     3.      3.44    0.     15.      2.     13.2891  4.1252
  2.01    4.      3.    ]
###
Finish selection of proposals!
Start selection of proposals by RE!
Proposals
###
number = 1
actions =  191
proposal =  [ 1.63    1.35    5.      3.44    0.     11.      2.     12.1173  3.7047
  0.      0.      4.5   ]
###
Finish selection of proposals!
Start selection of proposals by RE!
Proposals
###
number = 1
actions =  30
proposal =  [ 1.66    1.4     6.      3.44    0.      4.      2.     15.4276  2.2395
  2.58    0.      3.    ]
###
Finish selection of proposals!
Start selection of proposals by RE!
Proposals
###
number = 1
actions =  166
proposal =  [  1.6125   1.4      3.75     3.44     0.     146.       5.      14.0832
   2.6678   2.19     0.       3.2495]
###
Finish selection of proposals!
Start selection of proposals by RE!
Proposals
###
number = 1
actions =  163
proposal =  [  1.63     1.35     5.       3.98     0.     225.       7.      18.1575
   3.4129   0.       0.       3.    ]
###
Finish selection of proposals!
Start selection of proposals by RE!
Proposals
###
number = 1
actions =  3
proposal =  [ 1.83    1.4     3.      3.44    0.      5.      2.     11.7073  3.4049
  1.9     0.      2.5   ]
###
Finish selection of proposals!
Start selection of proposals by RE!
Proposals
###
number = 1
actions =  21
proposal =  [ 1.66    1.4     6.      3.44    0.     15.      2.     11.6981  3.2201
  1.9     4.      3.    ]
###
Finish selection of proposals!
Start selection of proposals by RE!
Proposals
###
number = 1
actions =  176
proposal =  [ 1.63    1.35    5.      3.44    0.     14.      2.     14.7334  2.4681
  2.19    0.      4.    ]
###
Finish selection of proposals!
Start selection of proposals by RE!
Proposals
###
number = 1
actions =  162
proposal =  [  1.63     1.35     5.       3.16     0.     225.       7.      29.2679
   2.7397   0.       0.       3.    ]
###
Finish selection of proposals!
Start selection of proposals by RE!
Proposals
###
number = 1
actions =  171
proposal =  [ 1.54    1.4     4.      3.44    0.     62.      3.     13.3267  3.3172
  0.      1.      3.5   ]
###
Finish selection of proposals!
Start selection of proposals by RE!
Proposals
###
number = 1
actions =  103
proposal =  [ 1.55    1.4     7.      3.44    0.     70.      3.     15.0356  2.1415
  2.58    0.      2.    ]
###
Finish selection of proposals!
Start selection of proposals by RE!
Proposals
###
number = 1
actions =  189
proposal =  [  1.7457   1.35     3.7143   3.44     0.     204.       7.      10.1752
   5.0367   0.       0.       5.    ]
###
Finish selection of proposals!
Start selection of proposals by RE!
Proposals
###
number = 1
actions =  200
proposal =  [ 1.63    1.35    5.      3.44    0.     11.      2.     13.8062  3.3252
  0.      0.      3.5   ]
###
Finish selection of proposals!
Start selection of proposals by RE!
Proposals
###
number = 1
actions =  67
proposal =  [ 1.83    1.4     3.      3.44    0.      2.      1.     11.5743  3.7253
  2.19    0.      2.5   ]
###
Finish selection of proposals!
  [RE] seed 1/5  discovery=never  final_volt=4.8561 V  final_hv=1.6703
Start selection of proposals by RE!
Proposals
###
number = 1
actions =  199
proposal =  [ 1.63    1.35    5.      3.98    0.     14.      2.     15.1806  2.6605
  0.      0.      5.    ]
###
Finish selection of proposals!
Start selection of proposals by RE!
Proposals
###
number = 1
actions =  204
proposal =  [  1.63     1.35     5.       2.58     0.     166.       5.      18.932
   3.3643   2.58     3.       3.    ]
###
Finish selection of proposals!
Start selection of proposals by RE!
Proposals
###
number = 1
actions =  133
proposal =  [  2.16     1.45     6.       2.55     0.     148.       5.      21.9735
   6.5169   0.       5.       3.2495]
###
Finish selection of proposals!
Start selection of proposals by RE!
Proposals
###
number = 1
actions =  127
proposal =  [  2.16     1.45     6.       2.55     0.     167.       5.      23.639
   6.0728   0.       5.       3.2495]
###
Finish selection of proposals!
Start selection of proposals by RE!
Proposals
###
number = 1
actions =  107
proposal =  [ 1.55    1.4     7.      3.44    0.     15.      2.     12.0167  4.0554
  2.19    4.      2.5   ]
###
Finish selection of proposals!
Start selection of proposals by RE!
Proposals
###
number = 1
actions =  124
proposal =  [ 1.55    1.4     7.      3.44    0.     11.      2.     15.2203  2.2587
  1.9     0.      4.    ]
###
Finish selection of proposals!
Start selection of proposals by RE!
Proposals
###
number = 1
actions =  88
proposal =  [ 1.55    1.4     7.      3.44    5.      1.      1.     11.1164  2.7159
  2.19    0.      2.5   ]
###
Finish selection of proposals!
Start selection of proposals by RE!
Proposals
###
number = 1
actions =  8
proposal =  [ 1.88    1.35    3.      3.44    0.     33.      3.     13.5654  3.0084
  2.19    0.      2.    ]
###
Finish selection of proposals!
Start selection of proposals by RE!
Proposals
###
number = 1
actions =  139
proposal =  [ 1.91    1.35    2.      3.44    0.     70.      3.     14.8404  2.2062
  2.58    0.      2.    ]
###
Finish selection of proposals!
Start selection of proposals by RE!
Proposals
###
number = 1
actions =  47
proposal =  [ 1.9    1.35   2.     3.44   0.     1.     1.    16.703  3.245  0.
  0.     2.5  ]
###
Finish selection of proposals!
Start selection of proposals by RE!
Proposals
###
number = 1
actions =  179
proposal =  [ 1.63    1.35    5.      3.44    0.      2.      1.     13.0782  2.8889
  2.19    0.      4.5   ]
###
Finish selection of proposals!
Start selection of proposals by RE!
Proposals
###
number = 1
actions =  96
proposal =  [  1.55     1.4      7.       3.44     0.     166.       5.      11.7931
   4.0298   0.       3.       3.2495]
###
Finish selection of proposals!
Start selection of proposals by RE!
Proposals
###
number = 1
actions =  89
proposal =  [ 1.83    1.4     3.      3.44    1.     64.      3.     13.5682  2.5078
  1.9     0.      3.    ]
###
Finish selection of proposals!
Start selection of proposals by RE!
Proposals
###
number = 1
actions =  134
proposal =  [ 2.16    1.45    6.      3.44    0.      9.      2.     14.9136  3.113
  2.19    0.      5.5   ]
###
Finish selection of proposals!
Start selection of proposals by RE!
Proposals
###
number = 1
actions =  142
proposal =  [ 1.91    1.35    2.      3.44    0.     11.      2.     11.4384  3.5838
  2.19    0.      3.2495]
###
Finish selection of proposals!
Start selection of proposals by RE!
Proposals
###
number = 1
actions =  27
proposal =  [ 1.66    1.4     6.      3.44    0.     12.      2.     15.328   2.7968
  0.      4.      5.    ]
###
Finish selection of proposals!
Start selection of proposals by RE!
Proposals
###
number = 1
actions =  99
proposal =  [ 1.55    1.4     7.      3.44    0.     15.      2.     11.2941  3.3833
  1.9     4.      3.    ]
###
Finish selection of proposals!
Start selection of proposals by RE!
Proposals
###
number = 1
actions =  135
proposal =  [  2.16     1.45     6.       3.98     0.     225.       7.      21.8194
   2.2824   0.       0.       5.    ]
###
Finish selection of proposals!
Start selection of proposals by RE!
Proposals
###
number = 1
actions =  108
proposal =  [ 1.55    1.4     7.      3.44    0.     11.      2.     12.5675  3.2388
  2.19    0.      3.5   ]
###
Finish selection of proposals!
Start selection of proposals by RE!
Proposals
###
number = 1
actions =  9
proposal =  [ 1.88    1.35    3.      3.44    0.      4.      2.     15.3448  2.7905
  2.18    0.      4.    ]
###
Finish selection of proposals!
Start selection of proposals by RE!
Proposals
###
number = 1
actions =  31
proposal =  [  1.66     1.4      6.       3.04     0.     227.       7.      21.1583
   2.0931   0.       2.       6.    ]
###
Finish selection of proposals!
Start selection of proposals by RE!
Proposals
###
number = 1
actions =  153
proposal =  [ 1.91    1.35    2.      3.44    0.      1.      1.     26.6757  1.5275
  0.      0.      3.    ]
###
Finish selection of proposals!
Start selection of proposals by RE!
Proposals
###
number = 1
actions =  37
proposal =  [ 1.66    1.4     6.      3.44    0.     11.      2.     15.3695  2.205
  1.9     0.      3.    ]
###
Finish selection of proposals!
Start selection of proposals by RE!
Proposals
###
number = 1
actions =  144
proposal =  [ 1.91    1.35    2.      3.44    0.     12.      2.     10.1629  5.6038
  0.      4.      2.5   ]
###
Finish selection of proposals!
Start selection of proposals by RE!
Proposals
###
number = 1
actions =  4
proposal =  [ 1.88    1.35    3.      3.44    0.     22.      3.     15.4081  2.3279
  2.18    0.      3.2495]
###
Finish selection of proposals!
Start selection of proposals by RE!
Proposals
###
number = 1
actions =  60
proposal =  [ 1.83    1.4     3.      3.44    0.     15.      2.     12.0402  3.1876
  1.9     4.      3.    ]
###
Finish selection of proposals!
Start selection of proposals by RE!
Proposals
###
number = 1
actions =  7
proposal =  [ 1.88    1.35    3.      3.44    0.     11.      2.     11.7516  3.4928
  2.19    0.      3.2495]
###
Finish selection of proposals!
Start selection of proposals by RE!
Proposals
###
number = 1
actions =  6
proposal =  [ 1.88    1.35    3.      3.44    0.     70.      3.     15.0464  2.173
  2.19    0.      3.    ]
###
Finish selection of proposals!
Start selection of proposals by RE!
Proposals
###
number = 1
actions =  140
proposal =  [ 1.91    1.35    2.      3.44    0.      2.      1.     14.0381  3.3354
  0.      0.      4.    ]
###
Finish selection of proposals!
Start selection of proposals by RE!
Proposals
###
number = 1
actions =  181
proposal =  [ 1.63    1.35    5.      3.44    0.     59.      3.     14.3237  3.0122
  0.      0.      3.2495]
###
Finish selection of proposals!
Start selection of proposals by RE!
Proposals
###
number = 1
actions =  19
proposal =  [ 1.88    1.35    3.      3.44    0.     11.      2.     14.7164  2.3811
  1.9     0.      4.    ]
###
Finish selection of proposals!
Start selection of proposals by RE!
Proposals
###
number = 1
actions =  173
proposal =  [ 1.54    1.4     4.      3.44    0.      4.      2.     16.0833  2.0943
  2.19    0.      3.    ]
###
Finish selection of proposals!
Start selection of proposals by RE!
Proposals
###
number = 1
actions =  116
proposal =  [ 1.55    1.4     7.      3.44    0.     11.      2.     13.9056  2.5198
  2.58    0.      4.    ]
###
Finish selection of proposals!
Start selection of proposals by RE!
Proposals
###
number = 1
actions =  196
proposal =  [ 1.63    1.35    5.      3.44    0.      4.      2.     16.7542  2.0517
  2.58    0.      2.    ]
###
Finish selection of proposals!
Start selection of proposals by RE!
Proposals
###
number = 1
actions =  14
proposal =  [ 1.88    1.35    3.      3.44    0.     15.      2.     27.1541  1.6348
  0.      4.      3.2495]
###
Finish selection of proposals!
Start selection of proposals by RE!
Proposals
###
number = 1
actions =  200
proposal =  [ 1.63    1.35    5.      3.44    0.     11.      2.     13.8062  3.3252
  0.      0.      3.5   ]
###
Finish selection of proposals!
Start selection of proposals by RE!
Proposals
###
number = 1
actions =  126
proposal =  [  2.16     1.45     6.       2.58     0.     176.       6.      21.1307
   4.7343   2.58     0.       3.2495]
###
Finish selection of proposals!
Start selection of proposals by RE!
Proposals
###
number = 1
actions =  29
proposal =  [ 1.66    1.4     6.      3.44    0.      4.      2.     16.092   2.5893
  2.18    0.      3.    ]
###
Finish selection of proposals!
Start selection of proposals by RE!
Proposals
###
number = 1
actions =  39
proposal =  [  2.16     1.45     6.       2.96     0.     225.       7.      37.8376
   4.1017   0.       0.       3.    ]
###
Finish selection of proposals!
Start selection of proposals by RE!
Proposals
###
number = 1
actions =  61
proposal =  [ 1.83    1.4     3.      3.44    0.     14.      2.     13.6336  2.8415
  2.19    0.      3.2495]
###
Finish selection of proposals!
  [RE] seed 2/5  discovery=never  final_volt=4.7743 V  final_hv=1.6517
Start selection of proposals by RE!
Proposals
###
number = 1
actions =  114
proposal =  [ 1.55    1.4     7.      3.44    0.     11.      2.     15.5202  2.2331
  2.04    0.      3.    ]
###
Finish selection of proposals!
Start selection of proposals by RE!
Proposals
###
number = 1
actions =  151
proposal =  [ 1.91    1.35    2.      3.44    0.     14.      2.     12.6564  1.6238
  2.58    0.      2.    ]
###
Finish selection of proposals!
Start selection of proposals by RE!
Proposals
###
number = 1
actions =  188
proposal =  [ 1.63    1.35    5.      3.44    0.     11.      2.     13.121   3.0223
  2.19    0.      3.5   ]
###
Finish selection of proposals!
Start selection of proposals by RE!
Proposals
###
number = 1
actions =  28
proposal =  [  1.66     1.4      6.       3.44     0.     114.       4.      13.5843
   2.713    2.19     0.       3.2495]
###
Finish selection of proposals!
Start selection of proposals by RE!
Proposals
###
number = 1
actions =  136
proposal =  [ 2.16    1.45    6.      3.44    0.     12.      2.     13.8674  5.1066
  0.      4.      4.    ]
###
Finish selection of proposals!
Start selection of proposals by RE!
Proposals
###
number = 1
actions =  117
proposal =  [ 1.55    1.4     7.      3.98    0.     62.      3.     14.0098  3.3168
  0.      1.      2.    ]
###
Finish selection of proposals!
Start selection of proposals by RE!
Proposals
###
number = 1
actions =  146
proposal =  [ 1.91    1.35    2.      3.44    0.     14.      2.     12.2881  3.4041
  2.19    0.      2.5   ]
###
Finish selection of proposals!
Start selection of proposals by RE!
Proposals
###
number = 1
actions =  52
proposal =  [  1.9      1.35     2.       3.44     0.     139.       4.      17.6977
   3.7318   0.       0.       3.2495]
###
Finish selection of proposals!
Start selection of proposals by RE!
Proposals
###
number = 1
actions =  37
proposal =  [ 1.66    1.4     6.      3.44    0.     11.      2.     15.3695  2.205
  1.9     0.      3.    ]
###
Finish selection of proposals!
Start selection of proposals by RE!
Proposals
###
number = 1
actions =  72
proposal =  [ 1.83    1.4     3.      3.44    0.     11.      2.     14.5698  2.4152
  2.58    0.      3.    ]
###
Finish selection of proposals!
Start selection of proposals by RE!
Proposals
###
number = 1
actions =  36
proposal =  [  1.66     1.4      6.       2.55     0.     166.       5.      27.4753
   4.2289   0.       3.       3.    ]
###
Finish selection of proposals!
Start selection of proposals by RE!
Proposals
###
number = 1
actions =  140
proposal =  [ 1.91    1.35    2.      3.44    0.      2.      1.     14.0381  3.3354
  0.      0.      4.    ]
###
Finish selection of proposals!
Start selection of proposals by RE!
Proposals
###
number = 1
actions =  24
proposal =  [ 1.66    1.4     6.      3.44    0.     70.      3.     15.0443  2.3177
  2.18    0.      3.    ]
###
Finish selection of proposals!
Start selection of proposals by RE!
Proposals
###
number = 1
actions =  115
proposal =  [ 1.55    1.4     7.      3.44    0.     11.      2.     16.9138  2.0598
  2.04    0.      3.    ]
###
Finish selection of proposals!
Start selection of proposals by RE!
Proposals
###
number = 1
actions =  86
proposal =  [ 1.55    1.4     7.      3.44    3.      1.      1.     11.5319  2.7588
  2.19    0.      3.5   ]
###
Finish selection of proposals!
Start selection of proposals by RE!
Proposals
###
number = 1
actions =  201
proposal =  [ 1.63    1.35    5.      3.44    0.     14.      2.     12.9983  2.8729
  2.19    0.      3.    ]
###
Finish selection of proposals!
Start selection of proposals by RE!
Proposals
###
number = 1
actions =  204
proposal =  [  1.63     1.35     5.       2.58     0.     166.       5.      18.932
   3.3643   2.58     3.       3.    ]
###
Finish selection of proposals!
Start selection of proposals by RE!
Proposals
###
number = 1
actions =  55
proposal =  [ 1.9     1.35    2.      3.44    0.     11.      2.     15.0463  2.4117
  2.19    0.      2.    ]
###
Finish selection of proposals!
Start selection of proposals by RE!
Proposals
###
number = 1
actions =  150
proposal =  [ 1.91    1.35    2.      3.44    0.      4.      2.     15.3616  2.3215
  2.58    0.      2.    ]
###
Finish selection of proposals!
Start selection of proposals by RE!
Proposals
###
number = 1
actions =  43
proposal =  [ 1.9     1.35    2.      3.44    0.      9.      2.     14.55    2.5473
  2.19    0.      2.    ]
###
Finish selection of proposals!
Start selection of proposals by RE!
Proposals
###
number = 1
actions =  175
proposal =  [ 1.63    1.35    5.      3.44    0.     15.      2.     13.1703  4.0937
  2.01    4.      3.    ]
###
Finish selection of proposals!
Start selection of proposals by RE!
Proposals
###
number = 1
actions =  112
proposal =  [ 1.55    1.4     7.      3.44    0.     62.      3.     13.3668  4.0138
  2.18    1.      2.    ]
###
Finish selection of proposals!
Start selection of proposals by RE!
Proposals
###
number = 1
actions =  154
proposal =  [ 1.91    1.35    2.      3.44    0.      2.      1.     15.102   2.3494
  2.19    0.      2.5   ]
###
Finish selection of proposals!
Start selection of proposals by RE!
Proposals
###
number = 1
actions =  107
proposal =  [ 1.55    1.4     7.      3.44    0.     15.      2.     12.0167  4.0554
  2.19    4.      2.5   ]
###
Finish selection of proposals!
Start selection of proposals by RE!
Proposals
###
number = 1
actions =  134
proposal =  [ 2.16    1.45    6.      3.44    0.      9.      2.     14.9136  3.113
  2.19    0.      5.5   ]
###
Finish selection of proposals!
Start selection of proposals by RE!
Proposals
###
number = 1
actions =  163
proposal =  [  1.63     1.35     5.       3.98     0.     225.       7.      18.1575
   3.4129   0.       0.       3.    ]
###
Finish selection of proposals!
Start selection of proposals by RE!
Proposals
###
number = 1
actions =  32
proposal =  [ 1.66    1.4     6.      3.44    0.     63.      3.     13.4575  3.4547
  0.      0.      4.    ]
###
Finish selection of proposals!
Start selection of proposals by RE!
Proposals
###
number = 1
actions =  29
proposal =  [ 1.66    1.4     6.      3.44    0.      4.      2.     16.092   2.5893
  2.18    0.      3.    ]
###
Finish selection of proposals!
Start selection of proposals by RE!
Proposals
###
number = 1
actions =  101
proposal =  [ 1.55    1.4     7.      3.44    0.      5.      2.     11.8062  4.1357
  0.      0.      3.5   ]
###
Finish selection of proposals!
Start selection of proposals by RE!
Proposals
###
number = 1
actions =  147
proposal =  [ 1.91    1.35    2.      3.44    0.     12.      2.     10.0712  5.8377
  0.      4.      2.5   ]
###
Finish selection of proposals!
Start selection of proposals by RE!
Proposals
###
number = 1
actions =  83
proposal =  [ 1.83    1.4     3.      3.44    2.      4.      2.     11.4208  2.7226
  2.19    0.      3.    ]
###
Finish selection of proposals!
Start selection of proposals by RE!
Proposals
###
number = 1
actions =  199
proposal =  [ 1.63    1.35    5.      3.98    0.     14.      2.     15.1806  2.6605
  0.      0.      5.    ]
###
Finish selection of proposals!
Start selection of proposals by RE!
Proposals
###
number = 1
actions =  8
proposal =  [ 1.88    1.35    3.      3.44    0.     33.      3.     13.5654  3.0084
  2.19    0.      2.    ]
###
Finish selection of proposals!
Start selection of proposals by RE!
Proposals
###
number = 1
actions =  124
proposal =  [ 1.55    1.4     7.      3.44    0.     11.      2.     15.2203  2.2587
  1.9     0.      4.    ]
###
Finish selection of proposals!
Start selection of proposals by RE!
Proposals
###
number = 1
actions =  20
proposal =  [ 1.66    1.4     6.      3.44    0.      2.      1.     12.8481  4.2115
  2.01    0.      3.    ]
###
Finish selection of proposals!
Start selection of proposals by RE!
Proposals
###
number = 1
actions =  90
proposal =  [  1.55     1.4      7.       3.98     1.     148.       5.      12.5452
   2.9099   0.       5.       5.    ]
###
Finish selection of proposals!
Start selection of proposals by RE!
Proposals
###
number = 1
actions =  15
proposal =  [ 1.88    1.35    3.      3.44    0.      1.      1.     27.2379  1.4989
  0.      0.      3.    ]
###
Finish selection of proposals!
Start selection of proposals by RE!
Proposals
###
number = 1
actions =  78
proposal =  [ 1.83    1.4     3.      3.44    0.     11.      2.     15.8727  2.1754
  1.9     0.      3.    ]
###
Finish selection of proposals!
Start selection of proposals by RE!
Proposals
###
number = 1
actions =  26
proposal =  [ 1.66    1.4     6.      3.44    0.     70.      3.     14.6203  2.1678
  2.19    0.      3.    ]
###
Finish selection of proposals!
Start selection of proposals by RE!
Proposals
###
number = 1
actions =  171
proposal =  [ 1.54    1.4     4.      3.44    0.     62.      3.     13.3267  3.3172
  0.      1.      3.5   ]
###
Finish selection of proposals!
  [RE] seed 3/5  discovery=never  final_volt=4.9310 V  final_hv=1.7171
Start selection of proposals by RE!
Proposals
###
number = 1
actions =  163
proposal =  [  1.63     1.35     5.       3.98     0.     225.       7.      18.1575
   3.4129   0.       0.       3.    ]
###
Finish selection of proposals!
Start selection of proposals by RE!
Proposals
###
number = 1
actions =  74
proposal =  [ 1.83    1.4     3.      3.44    0.     74.      3.     12.295   3.9547
  0.      0.      4.    ]
###
Finish selection of proposals!
Start selection of proposals by RE!
Proposals
###
number = 1
actions =  50
proposal =  [ 1.9     1.35    2.      3.44    0.     11.      2.     16.2965  2.2256
  2.04    0.      2.    ]
###
Finish selection of proposals!
Start selection of proposals by RE!
Proposals
###
number = 1
actions =  144
proposal =  [ 1.91    1.35    2.      3.44    0.     12.      2.     10.1629  5.6038
  0.      4.      2.5   ]
###
Finish selection of proposals!
Start selection of proposals by RE!
Proposals
###
number = 1
actions =  128
proposal =  [ 2.16    1.45    6.      3.44    0.      5.      2.     14.6243  3.1846
  2.19    0.      3.2495]
###
Finish selection of proposals!
Start selection of proposals by RE!
Proposals
###
number = 1
actions =  191
proposal =  [ 1.63    1.35    5.      3.44    0.     11.      2.     12.1173  3.7047
  0.      0.      4.5   ]
###
Finish selection of proposals!
Start selection of proposals by RE!
Proposals
###
number = 1
actions =  186
proposal =  [ 1.63    1.35    5.      3.44    0.     11.      2.     14.2029  2.9847
  0.      0.      5.    ]
###
Finish selection of proposals!
Start selection of proposals by RE!
Proposals
###
number = 1
actions =  176
proposal =  [ 1.63    1.35    5.      3.44    0.     14.      2.     14.7334  2.4681
  2.19    0.      4.    ]
###
Finish selection of proposals!
Start selection of proposals by RE!
Proposals
###
number = 1
actions =  68
proposal =  [ 1.83    1.4     3.      3.44    0.      8.      2.     12.6789  3.2065
  2.19    0.      2.5   ]
###
Finish selection of proposals!
Start selection of proposals by RE!
Proposals
###
number = 1
actions =  121
proposal =  [ 1.55    1.4     7.      3.44    0.      1.      1.     14.8929  2.3406
  2.19    0.      3.    ]
###
Finish selection of proposals!
Start selection of proposals by RE!
Proposals
###
number = 1
actions =  172
proposal =  [ 1.54    1.4     4.      3.44    0.     14.      2.     13.2548  2.7788
  2.19    0.      3.    ]
###
Finish selection of proposals!
Start selection of proposals by RE!
Proposals
###
number = 1
actions =  64
proposal =  [ 1.83    1.4     3.      3.44    0.     43.      3.     14.9104  2.1629
  2.19    0.      3.2495]
###
Finish selection of proposals!
Start selection of proposals by RE!
Proposals
###
number = 1
actions =  71
proposal =  [ 1.83    1.4     3.      3.44    0.     11.      2.     15.9444  2.1832
  2.04    0.      3.    ]
###
Finish selection of proposals!
Start selection of proposals by RE!
Proposals
###
number = 1
actions =  187
proposal =  [ 1.63    1.35    5.      3.44    0.     56.      3.     14.5291  2.6843
  2.19    0.      4.5   ]
###
Finish selection of proposals!
Start selection of proposals by RE!
Proposals
###
number = 1
actions =  28
proposal =  [  1.66     1.4      6.       3.44     0.     114.       4.      13.5843
   2.713    2.19     0.       3.2495]
###
Finish selection of proposals!
Start selection of proposals by RE!
Proposals
###
number = 1
actions =  200
proposal =  [ 1.63    1.35    5.      3.44    0.     11.      2.     13.8062  3.3252
  0.      0.      3.5   ]
###
Finish selection of proposals!
Start selection of proposals by RE!
Proposals
###
number = 1
actions =  192
proposal =  [ 1.63    1.35    5.      3.44    0.     11.      2.     13.0311  3.3315
  0.      0.      4.5   ]
###
Finish selection of proposals!
Start selection of proposals by RE!
Proposals
###
number = 1
actions =  181
proposal =  [ 1.63    1.35    5.      3.44    0.     59.      3.     14.3237  3.0122
  0.      0.      3.2495]
###
Finish selection of proposals!
Start selection of proposals by RE!
Proposals
###
number = 1
actions =  115
proposal =  [ 1.55    1.4     7.      3.44    0.     11.      2.     16.9138  2.0598
  2.04    0.      3.    ]
###
Finish selection of proposals!
Start selection of proposals by RE!
Proposals
###
number = 1
actions =  95
proposal =  [ 1.55    1.4     7.      3.44    0.     10.      2.     11.4328  4.112
  0.      0.      3.    ]
###
Finish selection of proposals!
Start selection of proposals by RE!
Proposals
###
number = 1
actions =  119
proposal =  [ 1.55    1.4     7.      3.44    0.     63.      3.     10.9238  4.4051
  0.      0.      3.    ]
###
Finish selection of proposals!
Start selection of proposals by RE!
Proposals
###
number = 1
actions =  168
proposal =  [ 1.54    1.4     4.      3.44    0.     11.      2.     13.3473  2.9106
  2.19    0.      3.5   ]
###
Finish selection of proposals!
Start selection of proposals by RE!
Proposals
###
number = 1
actions =  125
proposal =  [ 2.16    1.45    6.      3.44    0.     19.      3.     15.0568  2.8662
  2.19    0.      6.    ]
###
Finish selection of proposals!
Start selection of proposals by RE!
Proposals
###
number = 1
actions =  160
proposal =  [  2.16     1.45     6.       2.96     0.     225.       7.      34.3901
   4.0039   0.       0.       3.    ]
###
Finish selection of proposals!
Start selection of proposals by RE!
Proposals
###
number = 1
actions =  37
proposal =  [ 1.66    1.4     6.      3.44    0.     11.      2.     15.3695  2.205
  1.9     0.      3.    ]
###
Finish selection of proposals!
Start selection of proposals by RE!
Proposals
###
number = 1
actions =  13
proposal =  [  1.88     1.35     3.       3.44     0.     166.       5.      11.1296
   4.5224   0.       3.       3.    ]
###
Finish selection of proposals!
Start selection of proposals by RE!
Proposals
###
number = 1
actions =  152
proposal =  [ 1.91    1.35    2.      3.44    0.     62.      3.      9.5936  5.2326
  0.      1.      3.5   ]
###
Finish selection of proposals!
Start selection of proposals by RE!
Proposals
###
number = 1
actions =  51
proposal =  [ 1.9     1.35    2.      3.44    0.      4.      2.     15.9892  2.2808
  2.58    0.      3.    ]
###
Finish selection of proposals!
Start selection of proposals by RE!
Proposals
###
number = 1
actions =  197
proposal =  [ 1.63    1.35    5.      3.98    0.     62.      3.     13.0228  3.4407
  0.      1.      3.    ]
###
Finish selection of proposals!
Start selection of proposals by RE!
Proposals
###
number = 1
actions =  145
proposal =  [ 1.91    1.35    2.      3.44    0.     58.      3.     12.5984  3.6051
  2.19    0.      2.    ]
###
Finish selection of proposals!
Start selection of proposals by RE!
Proposals
###
number = 1
actions =  63
proposal =  [ 1.83    1.4     3.      3.44    0.     70.      3.     14.8673  2.1745
  2.58    0.      2.    ]
###
Finish selection of proposals!
Start selection of proposals by RE!
Proposals
###
number = 1
actions =  188
proposal =  [ 1.63    1.35    5.      3.44    0.     11.      2.     13.121   3.0223
  2.19    0.      3.5   ]
###
Finish selection of proposals!
Start selection of proposals by RE!
Proposals
###
number = 1
actions =  52
proposal =  [  1.9      1.35     2.       3.44     0.     139.       4.      17.6977
   3.7318   0.       0.       3.2495]
###
Finish selection of proposals!
Start selection of proposals by RE!
Proposals
###
number = 1
actions =  173
proposal =  [ 1.54    1.4     4.      3.44    0.      4.      2.     16.0833  2.0943
  2.19    0.      3.    ]
###
Finish selection of proposals!
Start selection of proposals by RE!
Proposals
###
number = 1
actions =  175
proposal =  [ 1.63    1.35    5.      3.44    0.     15.      2.     13.1703  4.0937
  2.01    4.      3.    ]
###
Finish selection of proposals!
Start selection of proposals by RE!
Proposals
###
number = 1
actions =  155
proposal =  [ 1.91    1.35    2.      3.44    0.     63.      3.     10.2781  4.1377
  2.19    0.      3.    ]
###
Finish selection of proposals!
Start selection of proposals by RE!
Proposals
###
number = 1
actions =  195
proposal =  [ 1.63    1.35    5.      3.44    0.     11.      2.     16.3113  2.0841
  2.04    0.      3.    ]
###
Finish selection of proposals!
Start selection of proposals by RE!
Proposals
###
number = 1
actions =  194
proposal =  [ 1.63    1.35    5.      3.44    0.     11.      2.     17.2421  2.3949
  2.04    0.      3.    ]
###
Finish selection of proposals!
Start selection of proposals by RE!
Proposals
###
number = 1
actions =  39
proposal =  [  2.16     1.45     6.       2.96     0.     225.       7.      37.8376
   4.1017   0.       0.       3.    ]
###
Finish selection of proposals!
Start selection of proposals by RE!
Proposals
###
number = 1
actions =  11
proposal =  [ 1.88    1.35    3.      3.44    0.      4.      2.     15.3303  2.3289
  2.58    0.      3.    ]
###
Finish selection of proposals!
  [RE] seed 4/5  discovery=never  final_volt=4.8923 V  final_hv=1.7098
Start selection of proposals by RE!
Proposals
###
number = 1
actions =  104
proposal =  [ 1.55    1.4     7.      3.44    0.     70.      3.     15.1038  2.1266
  2.19    0.      3.    ]
###
Finish selection of proposals!
Start selection of proposals by RE!
Proposals
###
number = 1
actions =  107
proposal =  [ 1.55    1.4     7.      3.44    0.     15.      2.     12.0167  4.0554
  2.19    4.      2.5   ]
###
Finish selection of proposals!
Start selection of proposals by RE!
Proposals
###
number = 1
actions =  166
proposal =  [  1.6125   1.4      3.75     3.44     0.     146.       5.      14.0832
   2.6678   2.19     0.       3.2495]
###
Finish selection of proposals!
Start selection of proposals by RE!
Proposals
###
number = 1
actions =  177
proposal =  [ 1.63    1.35    5.      3.44    0.      2.      1.     11.8156  3.1716
  1.9     0.      3.    ]
###
Finish selection of proposals!
Start selection of proposals by RE!
Proposals
###
number = 1
actions =  123
proposal =  [ 1.55    1.4     7.      3.98    0.     14.      2.     12.5005  3.2053
  2.19    0.      2.    ]
###
Finish selection of proposals!
Start selection of proposals by RE!
Proposals
###
number = 1
actions =  181
proposal =  [ 1.63    1.35    5.      3.44    0.     59.      3.     14.3237  3.0122
  0.      0.      3.2495]
###
Finish selection of proposals!
Start selection of proposals by RE!
Proposals
###
number = 1
actions =  131
proposal =  [ 2.16    1.45    6.      3.44    0.     11.      2.     14.4669  3.5566
  2.19    0.      3.5   ]
###
Finish selection of proposals!
Start selection of proposals by RE!
Proposals
###
number = 1
actions =  47
proposal =  [ 1.9    1.35   2.     3.44   0.     1.     1.    16.703  3.245  0.
  0.     2.5  ]
###
Finish selection of proposals!
Start selection of proposals by RE!
Proposals
###
number = 1
actions =  138
proposal =  [ 1.91    1.35    2.      3.44    0.     15.      2.     15.2119  2.3557
  2.18    4.      3.    ]
###
Finish selection of proposals!
Start selection of proposals by RE!
Proposals
###
number = 1
actions =  115
proposal =  [ 1.55    1.4     7.      3.44    0.     11.      2.     16.9138  2.0598
  2.04    0.      3.    ]
###
Finish selection of proposals!
Start selection of proposals by RE!
Proposals
###
number = 1
actions =  199
proposal =  [ 1.63    1.35    5.      3.98    0.     14.      2.     15.1806  2.6605
  0.      0.      5.    ]
###
Finish selection of proposals!
Start selection of proposals by RE!
Proposals
###
number = 1
actions =  12
proposal =  [ 1.88    1.35    3.      3.44    0.     14.      2.     11.5973  2.0115
  2.58    0.      2.    ]
###
Finish selection of proposals!
Start selection of proposals by RE!
Proposals
###
number = 1
actions =  44
proposal =  [ 1.9     1.35    2.      3.44    0.     70.      3.     14.435   2.3167
  2.58    0.      3.    ]
###
Finish selection of proposals!
Start selection of proposals by RE!
Proposals
###
number = 1
actions =  205
proposal =  [ 1.63    1.35    5.      3.44    0.      4.      2.     15.7207  2.1446
  1.9     0.      3.    ]
###
Finish selection of proposals!
Start selection of proposals by RE!
Proposals
###
number = 1
actions =  162
proposal =  [  1.63     1.35     5.       3.16     0.     225.       7.      29.2679
   2.7397   0.       0.       3.    ]
###
Finish selection of proposals!
Start selection of proposals by RE!
Proposals
###
number = 1
actions =  163
proposal =  [  1.63     1.35     5.       3.98     0.     225.       7.      18.1575
   3.4129   0.       0.       3.    ]
###
Finish selection of proposals!
Start selection of proposals by RE!
Proposals
###
number = 1
actions =  60
proposal =  [ 1.83    1.4     3.      3.44    0.     15.      2.     12.0402  3.1876
  1.9     4.      3.    ]
###
Finish selection of proposals!
Start selection of proposals by RE!
Proposals
###
number = 1
actions =  88
proposal =  [ 1.55    1.4     7.      3.44    5.      1.      1.     11.1164  2.7159
  2.19    0.      2.5   ]
###
Finish selection of proposals!
Start selection of proposals by RE!
Proposals
###
number = 1
actions =  103
proposal =  [ 1.55    1.4     7.      3.44    0.     70.      3.     15.0356  2.1415
  2.58    0.      2.    ]
###
Finish selection of proposals!
Start selection of proposals by RE!
Proposals
###
number = 1
actions =  72
proposal =  [ 1.83    1.4     3.      3.44    0.     11.      2.     14.5698  2.4152
  2.58    0.      3.    ]
###
Finish selection of proposals!
Start selection of proposals by RE!
Proposals
###
number = 1
actions =  55
proposal =  [ 1.9     1.35    2.      3.44    0.     11.      2.     15.0463  2.4117
  2.19    0.      2.    ]
###
Finish selection of proposals!
Start selection of proposals by RE!
Proposals
###
number = 1
actions =  5
proposal =  [ 1.88    1.35    3.      3.44    0.      1.      1.     14.83    2.2101
  2.58    0.      3.    ]
###
Finish selection of proposals!
Start selection of proposals by RE!
Proposals
###
number = 1
actions =  100
proposal =  [ 1.55    1.4     7.      3.44    0.     12.      2.     11.866   3.9781
  0.      4.      3.5   ]
###
Finish selection of proposals!
Start selection of proposals by RE!
Proposals
###
number = 1
actions =  129
proposal =  [ 2.16    1.45    6.      3.44    0.     62.      3.     14.5619  3.4896
  2.19    1.      3.5   ]
###
Finish selection of proposals!
Start selection of proposals by RE!
Proposals
###
number = 1
actions =  96
proposal =  [  1.55     1.4      7.       3.44     0.     166.       5.      11.7931
   4.0298   0.       3.       3.2495]
###
Finish selection of proposals!
Start selection of proposals by RE!
Proposals
###
number = 1
actions =  34
proposal =  [ 1.66    1.4     6.      3.44    0.      4.      2.     15.0722  2.2803
  2.19    0.      4.    ]
###
Finish selection of proposals!
Start selection of proposals by RE!
Proposals
###
number = 1
actions =  10
proposal =  [ 1.88    1.35    3.      3.44    0.     11.      2.     15.9546  2.6713
  2.04    0.      3.    ]
###
Finish selection of proposals!
Start selection of proposals by RE!
Proposals
###
number = 1
actions =  6
proposal =  [ 1.88    1.35    3.      3.44    0.     70.      3.     15.0464  2.173
  2.19    0.      3.    ]
###
Finish selection of proposals!
Start selection of proposals by RE!
Proposals
###
number = 1
actions =  80
proposal =  [  1.55     1.4      7.       3.98     0.     225.       7.      16.2681
   2.8028   0.       0.       4.    ]
###
Finish selection of proposals!
Start selection of proposals by RE!
Proposals
###
number = 1
actions =  125
proposal =  [ 2.16    1.45    6.      3.44    0.     19.      3.     15.0568  2.8662
  2.19    0.      6.    ]
###
Finish selection of proposals!
Start selection of proposals by RE!
Proposals
###
number = 1
actions =  148
proposal =  [ 1.91    1.35    2.      3.44    0.     12.      2.     12.8649  3.4211
  2.19    4.      2.    ]
###
Finish selection of proposals!
Start selection of proposals by RE!
Proposals
###
number = 1
actions =  152
proposal =  [ 1.91    1.35    2.      3.44    0.     62.      3.      9.5936  5.2326
  0.      1.      3.5   ]
###
Finish selection of proposals!
Start selection of proposals by RE!
Proposals
###
number = 1
actions =  189
proposal =  [  1.7457   1.35     3.7143   3.44     0.     204.       7.      10.1752
   5.0367   0.       0.       5.    ]
###
Finish selection of proposals!
Start selection of proposals by RE!
Proposals
###
number = 1
actions =  188
proposal =  [ 1.63    1.35    5.      3.44    0.     11.      2.     13.121   3.0223
  2.19    0.      3.5   ]
###
Finish selection of proposals!
Start selection of proposals by RE!
Proposals
###
number = 1
actions =  95
proposal =  [ 1.55    1.4     7.      3.44    0.     10.      2.     11.4328  4.112
  0.      0.      3.    ]
###
Finish selection of proposals!
Start selection of proposals by RE!
Proposals
###
number = 1
actions =  90
proposal =  [  1.55     1.4      7.       3.98     1.     148.       5.      12.5452
   2.9099   0.       5.       5.    ]
###
Finish selection of proposals!
Start selection of proposals by RE!
Proposals
###
number = 1
actions =  17
proposal =  [ 1.88    1.35    3.      3.44    0.      4.      2.     14.769   2.4051
  2.19    0.      2.    ]
###
Finish selection of proposals!
Start selection of proposals by RE!
Proposals
###
number = 1
actions =  179
proposal =  [ 1.63    1.35    5.      3.44    0.      2.      1.     13.0782  2.8889
  2.19    0.      4.5   ]
###
Finish selection of proposals!
Start selection of proposals by RE!
Proposals
###
number = 1
actions =  75
proposal =  [ 1.83    1.4     3.      3.44    0.     14.      2.     13.6208  2.8014
  2.19    0.      3.    ]
###
Finish selection of proposals!
Start selection of proposals by RE!
Proposals
###
number = 1
actions =  59
proposal =  [ 1.83    1.4     3.      3.44    0.     19.      3.     12.2613  3.0499
  2.19    0.      3.    ]
###
Finish selection of proposals!
  [RE] seed 5/5  discovery=12  final_volt=4.9972 V  final_hv=1.7735
── Benchmarking PHYSBO ──
Start selection of proposals by RE!
Proposals
###
number = 1
actions =  98
proposal =  [ 1.55    1.4     7.      3.44    0.     19.      3.     12.297   3.0316
  2.19    0.      3.    ]
###
Finish selection of proposals!
Start selection of proposals by RE!
Proposals
###
number = 1
actions =  34
proposal =  [ 1.66    1.4     6.      3.44    0.      4.      2.     15.0722  2.2803
  2.19    0.      4.    ]
###
Finish selection of proposals!
Start selection of proposals by RE!
Proposals
###
number = 1
actions =  14
proposal =  [ 1.88    1.35    3.      3.44    0.     15.      2.     27.1541  1.6348
  0.      4.      3.2495]
###
Finish selection of proposals!
Start selection of proposals by RE!
Proposals
###
number = 1
actions =  62
proposal =  [ 1.83    1.4     3.      3.44    0.     70.      3.     15.2104  2.3289
  2.18    0.      3.2495]
###
Finish selection of proposals!
Start selection of proposals by RE!
Proposals
###
number = 1
actions =  63
proposal =  [ 1.83    1.4     3.      3.44    0.     70.      3.     14.8673  2.1745
  2.58    0.      2.    ]
###
Finish selection of proposals!
Start selection of proposals by RE!
Proposals
###
number = 1
actions =  164
proposal =  [ 1.54    1.4     4.      3.44    0.      8.      2.     14.0082  3.0838
  0.      0.      3.5   ]
###
Finish selection of proposals!
Start selection of proposals by RE!
Proposals
###
number = 1
actions =  151
proposal =  [ 1.91    1.35    2.      3.44    0.     14.      2.     12.6564  1.6238
  2.58    0.      2.    ]
###
Finish selection of proposals!
Start selection of proposals by RE!
Proposals
###
number = 1
actions =  86
proposal =  [ 1.55    1.4     7.      3.44    3.      1.      1.     11.5319  2.7588
  2.19    0.      3.5   ]
###
Finish selection of proposals!
Start selection of proposals by PHYSBO!
Start the initial hyper parameter searching ...
Done

Start the hyper parameter learning ...
0 -th epoch marginal likelihood 9.902334926579627
50 -th epoch marginal likelihood 9.662560718975309
100 -th epoch marginal likelihood 9.559804192304645
150 -th epoch marginal likelihood 9.51654018437613
200 -th epoch marginal likelihood 9.493789073383548
250 -th epoch marginal likelihood 9.478476006426805
300 -th epoch marginal likelihood 9.467038081300675
350 -th epoch marginal likelihood 9.45829197576353
400 -th epoch marginal likelihood 9.451542280976021
450 -th epoch marginal likelihood 9.446293743160645
500 -th epoch marginal likelihood 9.442206304837535
Done

Start the initial hyper parameter searching ...
Done

Start the hyper parameter learning ...
0 -th epoch marginal likelihood -12.15768496707084
50 -th epoch marginal likelihood -12.158531597542838
100 -th epoch marginal likelihood -12.158533319106482
150 -th epoch marginal likelihood -12.1585333419281
200 -th epoch marginal likelihood -12.158533342008631
250 -th epoch marginal likelihood -12.158533342009289
300 -th epoch marginal likelihood -12.158533342009289
350 -th epoch marginal likelihood -12.158533342009289
400 -th epoch marginal likelihood -12.15853334200929
450 -th epoch marginal likelihood -12.158533342009289
500 -th epoch marginal likelihood -12.158533342009289
Done

Proposals
###
number = 1
actions =  41
proposal =  [  1.91     1.35     2.       3.98     0.     225.       7.      20.5901
   3.9293   0.       0.       4.    ]
###
Finish selection of proposals!
Start selection of proposals by PHYSBO!
Start the initial hyper parameter searching ...
Done

Start the hyper parameter learning ...
0 -th epoch marginal likelihood 10.871065597428753
50 -th epoch marginal likelihood 10.83122606555252
100 -th epoch marginal likelihood 10.817798789378593
150 -th epoch marginal likelihood 10.814568990012408
200 -th epoch marginal likelihood 10.813759066800195
250 -th epoch marginal likelihood 10.813399857626317
300 -th epoch marginal likelihood 10.813126204216871
350 -th epoch marginal likelihood 10.812886290064803
400 -th epoch marginal likelihood 10.812672034756794
450 -th epoch marginal likelihood 10.812479724890238
500 -th epoch marginal likelihood 10.812306420132003
Done

Start the initial hyper parameter searching ...
Done

Start the hyper parameter learning ...
0 -th epoch marginal likelihood -14.146713450668628
50 -th epoch marginal likelihood -14.146807898639258
100 -th epoch marginal likelihood -14.146808416471496
150 -th epoch marginal likelihood -14.14680842503268
200 -th epoch marginal likelihood -14.14680842519978
250 -th epoch marginal likelihood -14.146808425200424
300 -th epoch marginal likelihood -14.146808425200426
350 -th epoch marginal likelihood -14.146808425200419
400 -th epoch marginal likelihood -14.146808425200422
450 -th epoch marginal likelihood -14.146808425200428
500 -th epoch marginal likelihood -14.146808425200422
Done

Proposals
###
number = 1
actions =  112
proposal =  [ 1.55    1.4     7.      3.44    0.     62.      3.     13.3668  4.0138
  2.18    1.      2.    ]
###
Finish selection of proposals!
Start selection of proposals by PHYSBO!
Start the initial hyper parameter searching ...
Done

Start the hyper parameter learning ...
0 -th epoch marginal likelihood 11.592685473951374
50 -th epoch marginal likelihood 11.557946537273475
100 -th epoch marginal likelihood 11.545815905097164
150 -th epoch marginal likelihood 11.54299769480582
200 -th epoch marginal likelihood 11.542458764889581
250 -th epoch marginal likelihood 11.542260365979777
300 -th epoch marginal likelihood 11.542109521787452
350 -th epoch marginal likelihood 11.541978522193151
400 -th epoch marginal likelihood 11.541862979657939
450 -th epoch marginal likelihood 11.54176031006179
500 -th epoch marginal likelihood 11.541668524694963
Done

Start the initial hyper parameter searching ...
Done

Start the hyper parameter learning ...
0 -th epoch marginal likelihood -14.7706480200682
50 -th epoch marginal likelihood -14.872976209731593
100 -th epoch marginal likelihood -14.93523444006576
150 -th epoch marginal likelihood -14.986892759520812
200 -th epoch marginal likelihood -15.028434664120715
250 -th epoch marginal likelihood -15.06143135110681
300 -th epoch marginal likelihood -15.087494205240933
350 -th epoch marginal likelihood -15.10803519260977
400 -th epoch marginal likelihood -15.124219985432445
450 -th epoch marginal likelihood -15.136982783328182
500 -th epoch marginal likelihood -15.1470604912459
Done

Proposals
###
number = 1
actions =  100
proposal =  [ 1.55    1.4     7.      3.44    0.     12.      2.     11.866   3.9781
  0.      4.      3.5   ]
###
Finish selection of proposals!
Start selection of proposals by PHYSBO!
Start the initial hyper parameter searching ...
Done

Start the hyper parameter learning ...
0 -th epoch marginal likelihood 12.402826668774615
50 -th epoch marginal likelihood 12.348866163889191
100 -th epoch marginal likelihood 12.329054626429055
150 -th epoch marginal likelihood 12.324304741200885
200 -th epoch marginal likelihood 12.323463761502502
250 -th epoch marginal likelihood 12.323240547666508
300 -th epoch marginal likelihood 12.32309254363221
350 -th epoch marginal likelihood 12.322966244346366
400 -th epoch marginal likelihood 12.322855509555819
450 -th epoch marginal likelihood 12.32275752917213
500 -th epoch marginal likelihood 12.322670225363712
Done

Start the initial hyper parameter searching ...
Done

Start the hyper parameter learning ...
0 -th epoch marginal likelihood -15.714503563789748
50 -th epoch marginal likelihood -15.777310428045029
100 -th epoch marginal likelihood -15.821450584588842
150 -th epoch marginal likelihood -15.854691068271467
200 -th epoch marginal likelihood -15.879413690139321
250 -th epoch marginal likelihood -15.897683497643676
300 -th epoch marginal likelihood -15.911134930129464
350 -th epoch marginal likelihood -15.921022596133838
400 -th epoch marginal likelihood -15.928289226479093
450 -th epoch marginal likelihood -15.933632670757952
500 -th epoch marginal likelihood -15.93756500613855
Done

Proposals
###
number = 1
actions =  68
proposal =  [ 1.83    1.4     3.      3.44    0.      8.      2.     12.6789  3.2065
  2.19    0.      2.5   ]
###
Finish selection of proposals!
Start selection of proposals by PHYSBO!
Start the initial hyper parameter searching ...
Done

Start the hyper parameter learning ...
0 -th epoch marginal likelihood 12.843144277589502
50 -th epoch marginal likelihood 12.809891928592386
100 -th epoch marginal likelihood 12.805906318534152
150 -th epoch marginal likelihood 12.805509860190309
200 -th epoch marginal likelihood 12.805229423361284
250 -th epoch marginal likelihood 12.80499137389641
300 -th epoch marginal likelihood 12.804785463450637
350 -th epoch marginal likelihood 12.804605215176267
400 -th epoch marginal likelihood 12.804446037899549
450 -th epoch marginal likelihood 12.804304479796226
500 -th epoch marginal likelihood 12.804177849606958
Done

Start the initial hyper parameter searching ...
Done

Start the hyper parameter learning ...
0 -th epoch marginal likelihood -17.35056209181869
50 -th epoch marginal likelihood -17.453481004031776
100 -th epoch marginal likelihood -17.50771112971373
150 -th epoch marginal likelihood -17.555351529537912
200 -th epoch marginal likelihood -17.595621312881384
250 -th epoch marginal likelihood -17.62900704279592
300 -th epoch marginal likelihood -17.656444822153382
350 -th epoch marginal likelihood -17.678935211652757
400 -th epoch marginal likelihood -17.69739185157004
450 -th epoch marginal likelihood -17.712590350819156
500 -th epoch marginal likelihood -17.725163336371494
Done

Proposals
###
number = 1
actions =  129
proposal =  [ 2.16    1.45    6.      3.44    0.     62.      3.     14.5619  3.4896
  2.19    1.      3.5   ]
###
Finish selection of proposals!
Start selection of proposals by PHYSBO!
Start the initial hyper parameter searching ...
Done

Start the hyper parameter learning ...
0 -th epoch marginal likelihood 13.556412973106685
50 -th epoch marginal likelihood 13.495115572083016
100 -th epoch marginal likelihood 13.477298482498384
150 -th epoch marginal likelihood 13.474275656968647
200 -th epoch marginal likelihood 13.473805294852578
250 -th epoch marginal likelihood 13.473562807089081
300 -th epoch marginal likelihood 13.47336516611633
350 -th epoch marginal likelihood 13.473195946194982
400 -th epoch marginal likelihood 13.473048761464032
450 -th epoch marginal likelihood 13.472919352376351
500 -th epoch marginal likelihood 13.472804615365622
Done

Start the initial hyper parameter searching ...
Done

Start the hyper parameter learning ...
0 -th epoch marginal likelihood -18.33919360602235
50 -th epoch marginal likelihood -18.508309197434365
100 -th epoch marginal likelihood -18.577072011597192
150 -th epoch marginal likelihood -18.630332884311688
200 -th epoch marginal likelihood -18.67875574082325
250 -th epoch marginal likelihood -18.721552456242414
300 -th epoch marginal likelihood -18.75872716668679
350 -th epoch marginal likelihood -18.790742198896957
400 -th epoch marginal likelihood -18.818221191169727
450 -th epoch marginal likelihood -18.841808478163827
500 -th epoch marginal likelihood -18.862102369139535
Done

Proposals
###
number = 1
actions =  204
proposal =  [  1.63     1.35     5.       2.58     0.     166.       5.      18.932
   3.3643   2.58     3.       3.    ]
###
Finish selection of proposals!
Start selection of proposals by PHYSBO!
Start the initial hyper parameter searching ...
Done

Start the hyper parameter learning ...
0 -th epoch marginal likelihood 16.89450007191558
50 -th epoch marginal likelihood 16.763811624850764
100 -th epoch marginal likelihood 16.691817027220363
150 -th epoch marginal likelihood 16.638950015357835
200 -th epoch marginal likelihood 16.602468819752417
250 -th epoch marginal likelihood 16.579702943025413
300 -th epoch marginal likelihood 16.566668782644502
350 -th epoch marginal likelihood 16.559744735923246
400 -th epoch marginal likelihood 16.55628465865155
450 -th epoch marginal likelihood 16.554620544346257
500 -th epoch marginal likelihood 16.553817163037785
Done

Start the initial hyper parameter searching ...
Done

Start the hyper parameter learning ...
0 -th epoch marginal likelihood -17.03175491063084
50 -th epoch marginal likelihood -17.047409962134086
100 -th epoch marginal likelihood -17.04897581409988
150 -th epoch marginal likelihood -17.04934468106042
200 -th epoch marginal likelihood -17.049750570625626
250 -th epoch marginal likelihood -17.05023415967964
300 -th epoch marginal likelihood -17.05081803319967
350 -th epoch marginal likelihood -17.051530954069044
400 -th epoch marginal likelihood -17.05241057889077
450 -th epoch marginal likelihood -17.05350649721028
500 -th epoch marginal likelihood -17.054883420681296
Done

Proposals
###
number = 1
actions =  84
proposal =  [ 1.55    1.4     7.      3.44    2.      1.      1.     11.4025  2.716
  2.19    0.      3.    ]
###
Finish selection of proposals!
Start selection of proposals by PHYSBO!
Start the initial hyper parameter searching ...
Done

Start the hyper parameter learning ...
0 -th epoch marginal likelihood 17.349393093191402
50 -th epoch marginal likelihood 17.23015112223674
100 -th epoch marginal likelihood 17.173798315700477
150 -th epoch marginal likelihood 17.137013967907812
200 -th epoch marginal likelihood 17.114616797082256
250 -th epoch marginal likelihood 17.10260019678983
300 -th epoch marginal likelihood 17.09679218078643
350 -th epoch marginal likelihood 17.094182830700248
400 -th epoch marginal likelihood 17.093025359881363
450 -th epoch marginal likelihood 17.09246267796339
500 -th epoch marginal likelihood 17.092129383125663
Done

Start the initial hyper parameter searching ...
Done

Start the hyper parameter learning ...
0 -th epoch marginal likelihood -18.808430505273623
50 -th epoch marginal likelihood -18.850019413860586
100 -th epoch marginal likelihood -18.864033950881723
150 -th epoch marginal likelihood -18.868891703178665
200 -th epoch marginal likelihood -18.870841391811965
250 -th epoch marginal likelihood -18.872170345242097
300 -th epoch marginal likelihood -18.873556123681478
350 -th epoch marginal likelihood -18.875189778953565
400 -th epoch marginal likelihood -18.877163785378503
450 -th epoch marginal likelihood -18.879566020767626
500 -th epoch marginal likelihood -18.88249239919731
Done

Proposals
###
number = 1
actions =  12
proposal =  [ 1.88    1.35    3.      3.44    0.     14.      2.     11.5973  2.0115
  2.58    0.      2.    ]
###
Finish selection of proposals!
Start selection of proposals by PHYSBO!
Start the initial hyper parameter searching ...
Done

Start the hyper parameter learning ...
0 -th epoch marginal likelihood 18.716998513895163
50 -th epoch marginal likelihood 18.602118987156945
100 -th epoch marginal likelihood 18.514374357814056
150 -th epoch marginal likelihood 18.452771119777843
200 -th epoch marginal likelihood 18.412601669127913
250 -th epoch marginal likelihood 18.388028566108805
300 -th epoch marginal likelihood 18.37375402398839
350 -th epoch marginal likelihood 18.365737651371965
400 -th epoch marginal likelihood 18.361265539188356
450 -th epoch marginal likelihood 18.358699273517445
500 -th epoch marginal likelihood 18.35714068920589
Done

Start the initial hyper parameter searching ...
Done

Start the hyper parameter learning ...
0 -th epoch marginal likelihood -11.965402727870064
50 -th epoch marginal likelihood -13.555592797080635
100 -th epoch marginal likelihood -14.594306205118187
150 -th epoch marginal likelihood -15.276223212949214
200 -th epoch marginal likelihood -15.736979026996362
250 -th epoch marginal likelihood -16.06038368268689
300 -th epoch marginal likelihood -16.29905105964574
350 -th epoch marginal likelihood -16.486164586684296
400 -th epoch marginal likelihood -16.642454788602166
450 -th epoch marginal likelihood -16.780575865426318
500 -th epoch marginal likelihood -16.907967724258906
Done

Proposals
###
number = 1
actions =  144
proposal =  [ 1.91    1.35    2.      3.44    0.     12.      2.     10.1629  5.6038
  0.      4.      2.5   ]
###
Finish selection of proposals!
Start selection of proposals by PHYSBO!
Start the initial hyper parameter searching ...
Done

Start the hyper parameter learning ...
0 -th epoch marginal likelihood 19.554153336741457
50 -th epoch marginal likelihood 19.42370768029192
100 -th epoch marginal likelihood 19.331989070946484
150 -th epoch marginal likelihood 19.273042962300956
200 -th epoch marginal likelihood 19.23811390944003
250 -th epoch marginal likelihood 19.2188640850955
300 -th epoch marginal likelihood 19.208859874113365
350 -th epoch marginal likelihood 19.203827534565793
400 -th epoch marginal likelihood 19.201264547769256
450 -th epoch marginal likelihood 19.19986608484073
500 -th epoch marginal likelihood 19.199022680074336
Done

Start the initial hyper parameter searching ...
Done

Start the hyper parameter learning ...
0 -th epoch marginal likelihood -11.136413324272983
50 -th epoch marginal likelihood -13.28242829099915
100 -th epoch marginal likelihood -14.714782039282394
150 -th epoch marginal likelihood -15.676377138939955
200 -th epoch marginal likelihood -16.337988559381426
250 -th epoch marginal likelihood -16.806128009341297
300 -th epoch marginal likelihood -17.148852395376643
350 -th epoch marginal likelihood -17.410420860882546
400 -th epoch marginal likelihood -17.619839257951902
450 -th epoch marginal likelihood -17.796082000560197
500 -th epoch marginal likelihood -17.951422039890172
Done

Proposals
###
number = 1
actions =  167
proposal =  [  1.72     1.375    3.       3.44     0.     148.       5.      10.9254
   4.9527   1.6      5.       3.5   ]
###
Finish selection of proposals!
Start selection of proposals by PHYSBO!
Start the initial hyper parameter searching ...
Done

Start the hyper parameter learning ...
0 -th epoch marginal likelihood 20.365104600964973
50 -th epoch marginal likelihood 20.20933569437972
100 -th epoch marginal likelihood 20.09808900621704
150 -th epoch marginal likelihood 20.032709705049704
200 -th epoch marginal likelihood 20.001444730197598
250 -th epoch marginal likelihood 19.988818174431916
300 -th epoch marginal likelihood 19.98410416743384
350 -th epoch marginal likelihood 19.982315657186245
400 -th epoch marginal likelihood 19.981547389139404
450 -th epoch marginal likelihood 19.981111839215554
500 -th epoch marginal likelihood 19.98077502841464
Done

Start the initial hyper parameter searching ...
Done

Start the hyper parameter learning ...
0 -th epoch marginal likelihood -12.092943413031737
50 -th epoch marginal likelihood -14.272678704498116
100 -th epoch marginal likelihood -15.721655276511406
150 -th epoch marginal likelihood -16.689199481258807
200 -th epoch marginal likelihood -17.35218636018424
250 -th epoch marginal likelihood -17.82050245289808
300 -th epoch marginal likelihood -18.16397900961853
350 -th epoch marginal likelihood -18.42767729200571
400 -th epoch marginal likelihood -18.640808918328126
450 -th epoch marginal likelihood -18.822202839444188
500 -th epoch marginal likelihood -18.983803956620125
Done

Proposals
###
number = 1
actions =  131
proposal =  [ 2.16    1.45    6.      3.44    0.     11.      2.     14.4669  3.5566
  2.19    0.      3.5   ]
###
Finish selection of proposals!
Start selection of proposals by PHYSBO!
Start the initial hyper parameter searching ...
Done

Start the hyper parameter learning ...
0 -th epoch marginal likelihood 20.644419516587547
50 -th epoch marginal likelihood 20.5126092404591
100 -th epoch marginal likelihood 20.42595250372161
150 -th epoch marginal likelihood 20.37560986241375
200 -th epoch marginal likelihood 20.349599356134974
250 -th epoch marginal likelihood 20.337585635567116
300 -th epoch marginal likelihood 20.332578481214128
350 -th epoch marginal likelihood 20.330651654787033
400 -th epoch marginal likelihood 20.329928415658216
450 -th epoch marginal likelihood 20.329634576978833
500 -th epoch marginal likelihood 20.32949108586012
Done

Start the initial hyper parameter searching ...
Done

Start the hyper parameter learning ...
0 -th epoch marginal likelihood -14.055547410921683
50 -th epoch marginal likelihood -16.158567954882677
100 -th epoch marginal likelihood -17.524694985618208
150 -th epoch marginal likelihood -18.415283081874286
200 -th epoch marginal likelihood -19.012364915297674
250 -th epoch marginal likelihood -19.42719006222304
300 -th epoch marginal likelihood -19.729037977338166
350 -th epoch marginal likelihood -19.9614302832829
400 -th epoch marginal likelihood -20.15158416384333
450 -th epoch marginal likelihood -20.316229530587734
500 -th epoch marginal likelihood -20.465344737456782
Done

Proposals
###
number = 1
actions =  125
proposal =  [ 2.16    1.45    6.      3.44    0.     19.      3.     15.0568  2.8662
  2.19    0.      6.    ]
###
Finish selection of proposals!
Start selection of proposals by PHYSBO!
Start the initial hyper parameter searching ...
Done

Start the hyper parameter learning ...
0 -th epoch marginal likelihood 21.871132250372398
50 -th epoch marginal likelihood 21.735975939211407
100 -th epoch marginal likelihood 21.647699187282146
150 -th epoch marginal likelihood 21.600068725403432
200 -th epoch marginal likelihood 21.578205640006473
250 -th epoch marginal likelihood 21.56928152182791
300 -th epoch marginal likelihood 21.565846789501943
350 -th epoch marginal likelihood 21.5643848515707
400 -th epoch marginal likelihood 21.563526266570584
450 -th epoch marginal likelihood 21.56283472678338
500 -th epoch marginal likelihood 21.562204507949822
Done

Start the initial hyper parameter searching ...
Done

Start the hyper parameter learning ...
0 -th epoch marginal likelihood -12.366586372969302
50 -th epoch marginal likelihood -15.14865937449504
100 -th epoch marginal likelihood -16.99513197520748
150 -th epoch marginal likelihood -18.225884096054784
200 -th epoch marginal likelihood -19.066018961788597
250 -th epoch marginal likelihood -19.65470806499779
300 -th epoch marginal likelihood -20.08021751614762
350 -th epoch marginal likelihood -20.39965828282735
400 -th epoch marginal likelihood -20.650390108496016
450 -th epoch marginal likelihood -20.85690605923619
500 -th epoch marginal likelihood -21.035161424723448
Done

Proposals
###
number = 1
actions =  92
proposal =  [ 1.63    1.35    5.      3.98    1.     12.      2.     13.9423  2.5588
  0.      4.      5.    ]
###
Finish selection of proposals!
Start selection of proposals by PHYSBO!
Start the initial hyper parameter searching ...
Done

Start the hyper parameter learning ...
0 -th epoch marginal likelihood 22.875833083125315
50 -th epoch marginal likelihood 22.589719497249803
100 -th epoch marginal likelihood 22.483925818438212
150 -th epoch marginal likelihood 22.40974796496655
200 -th epoch marginal likelihood 22.358047508545816
250 -th epoch marginal likelihood 22.32380984468307
300 -th epoch marginal likelihood 22.301893052762942
350 -th epoch marginal likelihood 22.288424775738363
400 -th epoch marginal likelihood 22.28051153517689
450 -th epoch marginal likelihood 22.276058603372935
500 -th epoch marginal likelihood 22.273649013367166
Done

Start the initial hyper parameter searching ...
Done

Start the hyper parameter learning ...
0 -th epoch marginal likelihood -8.90996129209303
50 -th epoch marginal likelihood -12.832753612528876
100 -th epoch marginal likelihood -15.507646274038635
150 -th epoch marginal likelihood -17.340522443094642
200 -th epoch marginal likelihood -18.623734614718884
250 -th epoch marginal likelihood -19.541036514823375
300 -th epoch marginal likelihood -20.211105608455735
350 -th epoch marginal likelihood -20.712511110446883
400 -th epoch marginal likelihood -21.098261220820497
450 -th epoch marginal likelihood -21.404597993469377
500 -th epoch marginal likelihood -21.656496243303902
Done

Proposals
###
number = 1
actions =  89
proposal =  [ 1.83    1.4     3.      3.44    1.     64.      3.     13.5682  2.5078
  1.9     0.      3.    ]
###
Finish selection of proposals!
Start selection of proposals by PHYSBO!
Start the initial hyper parameter searching ...
Done

Start the hyper parameter learning ...
0 -th epoch marginal likelihood 25.039826037455367
50 -th epoch marginal likelihood 24.71671454933115
100 -th epoch marginal likelihood 24.590321311408253
150 -th epoch marginal likelihood 24.503984482383373
200 -th epoch marginal likelihood 24.447568656923416
250 -th epoch marginal likelihood 24.412939320183327
300 -th epoch marginal likelihood 24.39174656846967
350 -th epoch marginal likelihood 24.378704499593436
400 -th epoch marginal likelihood 24.370771127173207
450 -th epoch marginal likelihood 24.36603601706564
500 -th epoch marginal likelihood 24.363245125532437
Done

Start the initial hyper parameter searching ...
Done

Start the hyper parameter learning ...
0 -th epoch marginal likelihood -13.313808890779207
50 -th epoch marginal likelihood -16.61048866217598
100 -th epoch marginal likelihood -18.81095100834587
150 -th epoch marginal likelihood -20.285920252262805
200 -th epoch marginal likelihood -21.29727982711922
250 -th epoch marginal likelihood -22.007583174934418
300 -th epoch marginal likelihood -22.520396479017514
350 -th epoch marginal likelihood -22.903147295312657
400 -th epoch marginal likelihood -23.200338457172712
450 -th epoch marginal likelihood -23.441516374710034
500 -th epoch marginal likelihood -23.646264374370407
Done

Proposals
###
number = 1
actions =  196
proposal =  [ 1.63    1.35    5.      3.44    0.      4.      2.     16.7542  2.0517
  2.58    0.      2.    ]
###
Finish selection of proposals!
Start selection of proposals by PHYSBO!
Start the initial hyper parameter searching ...
Done

Start the hyper parameter learning ...
0 -th epoch marginal likelihood 28.534159196316537
50 -th epoch marginal likelihood 27.62877854497944
100 -th epoch marginal likelihood 27.183787156541687
150 -th epoch marginal likelihood 26.961289135840417
200 -th epoch marginal likelihood 26.82258441894329
250 -th epoch marginal likelihood 26.709263233432605
300 -th epoch marginal likelihood 26.602886579819735
350 -th epoch marginal likelihood 26.500431965407493
400 -th epoch marginal likelihood 26.40325626260269
450 -th epoch marginal likelihood 26.313291283498856
500 -th epoch marginal likelihood 26.232015726332893
Done

Start the initial hyper parameter searching ...
Done

Start the hyper parameter learning ...
0 -th epoch marginal likelihood 28.92939102602753
50 -th epoch marginal likelihood 16.55652881789375
100 -th epoch marginal likelihood 7.6506072191244385
150 -th epoch marginal likelihood 1.037142433475644
200 -th epoch marginal likelihood -3.948258000515125
250 -th epoch marginal likelihood -7.756868582335471
300 -th epoch marginal likelihood -10.700677785033498
350 -th epoch marginal likelihood -12.999698244582817
400 -th epoch marginal likelihood -14.811933113893428
450 -th epoch marginal likelihood -16.252720879850308
500 -th epoch marginal likelihood -17.407489992737766
Done

Proposals
###
number = 1
actions =  22
proposal =  [  1.66     1.4      6.       3.44     0.     148.       5.      13.2081
   2.8761   2.19     5.       3.2495]
###
Finish selection of proposals!
Start selection of proposals by PHYSBO!
Start the initial hyper parameter searching ...
Done

Start the hyper parameter learning ...
0 -th epoch marginal likelihood 29.985550779521706
50 -th epoch marginal likelihood 29.06479089405387
100 -th epoch marginal likelihood 28.614420378048315
150 -th epoch marginal likelihood 28.394287751857867
200 -th epoch marginal likelihood 28.26289304304134
250 -th epoch marginal likelihood 28.158853447943777
300 -th epoch marginal likelihood 28.061373458885036
350 -th epoch marginal likelihood 27.96607300897711
400 -th epoch marginal likelihood 27.87378699507859
450 -th epoch marginal likelihood 27.786447540565412
500 -th epoch marginal likelihood 27.70581583040701
Done

